{"section": "find_processed_json_filepath", "data": {"file_prefix": "7b8a83be-3320-4b5b-9238-ec995a70e9b4", "chosen_file": "D:\\GItHIbProjects\\py-projects2\\dToC\\processing_steps\\..\\uploads\\7b8a83be-3320-4b5b-9238-ec995a70e9b4_simplified.json", "site_id": "16964"}, "timestamp": "2026-01-20 10:43:41"}
{"section": "assembly_start", "data": {"file_prefix": "7b8a83be-3320-4b5b-9238-ec995a70e9b4", "simplified_json_path": "D:\\GItHIbProjects\\py-projects2\\dToC\\processing_steps\\..\\uploads\\7b8a83be-3320-4b5b-9238-ec995a70e9b4_simplified.json"}, "timestamp": "2026-01-20 10:43:41"}
{"section": "level1_page_start", "data": {"page_name": "Offers", "components": ["M1-Inside Hero", "M2-Image Intro", "A2-Feature Snippet", "B11-FAQs"], "source": "_simplified.json", "page_filter": "Park and Stay Package", "will_process_components": false}, "timestamp": "2026-01-20 10:43:58"}
{"section": "level2_page_start", "data": {"page_name": "Bed and Breakast Package", "components": ["M5-Intro", "M4-Second Tier Intro Snippet"], "parent_page": "Offers", "hierarchy": "Offers > Bed and Breakast Package", "page_filter": "Park and Stay Package", "matches_filter": false}, "timestamp": "2026-01-20 10:43:58"}
{"section": "level2_page_skipped", "data": {"page_name": "Bed and Breakast Package", "reason": "doesn't match filter and has no matching sub-page", "page_filter": "Park and Stay Package"}, "timestamp": "2026-01-20 10:43:58"}
{"section": "level2_page_start", "data": {"page_name": "Pet Pride Package", "components": ["M5-Intro", "M4-Second Tier Intro Snippet"], "parent_page": "Offers", "hierarchy": "Offers > Pet Pride Package", "page_filter": "Park and Stay Package", "matches_filter": false}, "timestamp": "2026-01-20 10:43:58"}
{"section": "level2_page_skipped", "data": {"page_name": "Pet Pride Package", "reason": "doesn't match filter and has no matching sub-page", "page_filter": "Park and Stay Package"}, "timestamp": "2026-01-20 10:43:58"}
{"section": "level2_page_start", "data": {"page_name": "Park and Stay Package", "components": ["M5-Intro", "M4-Second Tier Intro Snippet"], "parent_page": "Offers", "hierarchy": "Offers > Park and Stay Package", "page_filter": "Park and Stay Package", "matches_filter": true}, "timestamp": "2026-01-20 10:43:58"}
{"section": "level2_page_filter_match", "data": {"page_name": "Park and Stay Package", "page_filter": "Park and Stay Package"}, "timestamp": "2026-01-20 10:43:58"}
{"section": "subrecord_update_start", "data": {"parent_record_id": 3393527, "component_id": 586791, "page_section_guid": "4ff54ae1-fcac-4870-9c36-16c294d22da6"}, "timestamp": "2026-01-20 10:44:12"}
{"section": "subrecord_fetch_request", "data": {"parent_record_id": 3393527, "child_component_id": 586791, "params": {"miblockId": 586791, "pageSectionGuid": "4ff54ae1-fcac-4870-9c36-16c294d22da6", "parentRecordId": 3393527, "languageId": 0}, "depth": 0}, "timestamp": "2026-01-20 10:44:12"}
{"section": "subrecord_fetch_response", "data": {"parent_record_id": 3393527, "sub_records_count": 0, "sub_records": null}, "timestamp": "2026-01-20 10:44:13"}
{"section": "subrecord_update_complete", "data": {"parent_record_id": 3393527, "component_id": 586791}, "timestamp": "2026-01-20 10:44:13"}
{"section": "asset_update_request", "data": {"record_id": 3393528, "component_id": 587202, "payload": {"MiBlockId": 587202, "RecordId": 3393528, "AssetFields": [{"FieldAlias": "image", "AssetUrls": ["https://assets.milestoneinternet.com/hotel-nikko-san-francisco/hotel-nikko-san-francisco-2803-1/site-images/placeholder/placeholder.jpg"]}]}}, "timestamp": "2026-01-20 10:44:21"}
{"section": "asset_update_success", "data": {"record_id": 3393528, "component_id": 587202, "response": {"UpdateMiBlockRecordStatuses": [{"RecordId": 3393528, "FieldAlias": "image", "ErrorMessage": null, "Success": true}], "Success": true, "ErrorCode": 1, "ErrorMessage": null}}, "timestamp": "2026-01-20 10:44:22"}
{"section": "subrecord_update_start", "data": {"parent_record_id": 3393528, "component_id": 587202, "page_section_guid": "8fc78089-5054-4487-a791-fa2778c21d33"}, "timestamp": "2026-01-20 10:44:24"}
{"section": "subrecord_fetch_request", "data": {"parent_record_id": 3393528, "child_component_id": 587202, "params": {"miblockId": 587202, "pageSectionGuid": "8fc78089-5054-4487-a791-fa2778c21d33", "parentRecordId": 3393528, "languageId": 0}, "depth": 0}, "timestamp": "2026-01-20 10:44:24"}
{"section": "subrecord_fetch_response", "data": {"parent_record_id": 3393528, "sub_records_count": 0, "sub_records": null}, "timestamp": "2026-01-20 10:44:25"}
{"section": "subrecord_update_complete", "data": {"parent_record_id": 3393528, "component_id": 587202}, "timestamp": "2026-01-20 10:44:25"}
{"section": "page_content_check", "data": {"page_name": "Park and Stay Package", "page_level": 2, "hierarchy": "Offers > Park and Stay Package", "components_count": 2, "sections_count": 2, "has_content": true, "sections_detail": [{"index": 0, "is_empty": false, "length": 539}, {"index": 1, "is_empty": false, "length": 539}]}, "timestamp": "2026-01-20 10:44:25"}
{"section": "mapping_payload", "data": {"page_id": 425883, "payload": [{"pageId": 425883, "vComponentAlias": "81254533-bf5e-4583-98fe-06ee498f4339", "vComponentId": 21014802, "contentEntityType": 2, "pageSectionGuid": "4ff54ae1-fcac-4870-9c36-16c294d22da6"}, {"pageId": 425883, "vComponentAlias": "6fa53884-e883-400c-8c15-e896f61f50bb", "vComponentId": 21014515, "contentEntityType": 2, "pageSectionGuid": "8fc78089-5054-4487-a791-fa2778c21d33"}, {"pageId": 425883, "vComponentAlias": "b458aebb-bc96-4de8-99cb-0f29de427e20", "vComponentId": 21014394, "contentEntityType": 2, "pageSectionGuid": "9372e2fa-fa55-422b-bf6b-fc3aacf5292b"}, {"pageId": 425883, "vComponentAlias": "130ea527-ab28-4422-b8d6-870e14c2720e", "vComponentId": 21014403, "contentEntityType": 2, "pageSectionGuid": "ccf1996c-87f8-4a26-b4f7-f3fa0f7f2bb6"}]}, "timestamp": "2026-01-20 10:44:31"}
{"section": "publish_payload", "data": {"page_id": 425883, "payload": {"publishData": [{"id": "586791", "type": "MIBLOCK", "pageSectionGuid": "4ff54ae1-fcac-4870-9c36-16c294d22da6"}, {"id": "587202", "type": "MIBLOCK", "pageSectionGuid": "8fc78089-5054-4487-a791-fa2778c21d33"}, {"id": "587138", "type": "MIBLOCK", "pageSectionGuid": "9372e2fa-fa55-422b-bf6b-fc3aacf5292b"}, {"id": "586827", "type": "MIBLOCK", "pageSectionGuid": "ccf1996c-87f8-4a26-b4f7-f3fa0f7f2bb6"}, {"id": "425883", "type": "PAGE"}], "syncPageForTranslationRequest": null}}, "timestamp": "2026-01-20 10:44:38"}
{"section": "publish_api_response", "data": {"page_id": 425883, "response": "Published"}, "timestamp": "2026-01-20 10:44:45"}
