{"section": "config_loaded", "data": {"file_prefix": "23af4bc9-b2e8-4a5b-bd13-5e32629e5454", "api_base_url_present": true, "token_present": true, "site_id": "16776"}, "timestamp": "2026-01-09 10:35:46"}
{"section": "home_json_found", "data": {"file_prefix": "23af4bc9-b2e8-4a5b-bd13-5e32629e5454", "home_simplified_file": "D:\\GItHIbProjects\\py-projects2\\dToC\\processing_steps\\..\\uploads\\23af4bc9-b2e8-4a5b-bd13-5e32629e5454_home_simplified.json"}, "timestamp": "2026-01-09 10:35:46"}
{"section": "home_page_start", "data": {"page_name": "Home page", "components": ["Meta Title", "Meta Description", "H1"]}, "timestamp": "2026-01-09 10:35:52"}
{"section": "category_skipped", "data": {"page_name": "Home page", "category_id": 0}, "timestamp": "2026-01-09 10:35:52"}
{"section": "component_unavailable", "data": {"page_name": "Home page", "component": "Meta Title"}, "timestamp": "2026-01-09 10:35:52"}
{"section": "component_section_empty", "data": {"page_name": "Home page", "component": "Meta Title"}, "timestamp": "2026-01-09 10:35:52"}
{"section": "component_unavailable", "data": {"page_name": "Home page", "component": "Meta Description"}, "timestamp": "2026-01-09 10:35:52"}
{"section": "component_section_empty", "data": {"page_name": "Home page", "component": "Meta Description"}, "timestamp": "2026-01-09 10:35:52"}
{"section": "component_unavailable", "data": {"page_name": "Home page", "component": "H1"}, "timestamp": "2026-01-09 10:35:52"}
{"section": "component_section_empty", "data": {"page_name": "Home page", "component": "H1"}, "timestamp": "2026-01-09 10:35:52"}
{"section": "publish_queue", "data": {"queued": 0}, "timestamp": "2026-01-09 10:35:52"}
{"section": "home_step_complete", "data": {"file_prefix": "23af4bc9-b2e8-4a5b-bd13-5e32629e5454", "elapsed_seconds": 0.019331932067871094, "published_count": 0}, "timestamp": "2026-01-09 10:35:52"}
{"section": "config_loaded", "data": {"file_prefix": "8a0c7d3e-ba9e-42d8-9771-460e98e02e8b", "api_base_url_present": true, "token_present": true, "site_id": "16776"}, "timestamp": "2026-01-09 12:01:59"}
{"section": "home_json_found", "data": {"file_prefix": "8a0c7d3e-ba9e-42d8-9771-460e98e02e8b", "home_simplified_file": "D:\\GItHIbProjects\\py-projects2\\dToC\\processing_steps\\..\\uploads\\8a0c7d3e-ba9e-42d8-9771-460e98e02e8b_home_simplified.json"}, "timestamp": "2026-01-09 12:01:59"}
{"section": "home_page_start", "data": {"page_name": "Home page", "components": ["Meta Title", "Meta Description", "H1"]}, "timestamp": "2026-01-09 12:02:06"}
{"section": "category_skipped", "data": {"page_name": "Home page", "category_id": 0}, "timestamp": "2026-01-09 12:02:06"}
{"section": "component_unavailable", "data": {"page_name": "Home page", "component": "Meta Title"}, "timestamp": "2026-01-09 12:02:06"}
{"section": "component_section_empty", "data": {"page_name": "Home page", "component": "Meta Title"}, "timestamp": "2026-01-09 12:02:06"}
{"section": "component_unavailable", "data": {"page_name": "Home page", "component": "Meta Description"}, "timestamp": "2026-01-09 12:02:06"}
{"section": "component_section_empty", "data": {"page_name": "Home page", "component": "Meta Description"}, "timestamp": "2026-01-09 12:02:06"}
{"section": "component_unavailable", "data": {"page_name": "Home page", "component": "H1"}, "timestamp": "2026-01-09 12:02:06"}
{"section": "component_section_empty", "data": {"page_name": "Home page", "component": "H1"}, "timestamp": "2026-01-09 12:02:06"}
{"section": "publish_queue", "data": {"queued": 0}, "timestamp": "2026-01-09 12:02:06"}
{"section": "home_step_complete", "data": {"file_prefix": "8a0c7d3e-ba9e-42d8-9771-460e98e02e8b", "elapsed_seconds": 0.0191800594329834, "published_count": 0}, "timestamp": "2026-01-09 12:02:06"}
