{"timestamp": "2026-01-04 17:25:39", "section": "module_processing_start", "data": {"file_prefix": "74a3220f-347d-400e-af1b-6df4463b905c", "target_url": "https://automation-nationwide-2.web4cms.milestoneinternet.info", "site_id": "16724", "total_pages_to_check": 8, "page_names": ["Home Page", "Our Property", "Weddings", "Meetings and Events", "Guest Rooms", "Amenities", "Dining", "Explore Ohio"]}}
{"timestamp": "2026-01-04 17:25:42", "section": "api_success", "data": {"total_modules_fetched": 8, "modules": [{"CategoryId": 150630, "CategoryName": "Amenities"}, {"CategoryId": 150621, "CategoryName": "Dining"}, {"CategoryId": 150620, "CategoryName": "Guest Rooms"}, {"CategoryId": 151615, "CategoryName": "Home Page"}, {"CategoryId": 150623, "CategoryName": "Meetings"}, {"CategoryId": 150629, "CategoryName": "Our Property"}, {"CategoryId": 151663, "CategoryName": "Test Sample Category"}, {"CategoryId": 150626, "CategoryName": "Weddings"}]}}
{"timestamp": "2026-01-04 17:25:42", "section": "page_match_found", "data": {"page_name": "Home Page", "normalized_page_name": "homepage", "category_id": 151615, "category_name": "Home Page"}}
{"timestamp": "2026-01-04 17:25:42", "section": "page_match_found", "data": {"page_name": "Our Property", "normalized_page_name": "ourproperty", "category_id": 150629, "category_name": "Our Property"}}
{"timestamp": "2026-01-04 17:25:42", "section": "page_match_found", "data": {"page_name": "Weddings", "normalized_page_name": "weddings", "category_id": 150626, "category_name": "Weddings"}}
{"timestamp": "2026-01-04 17:25:42", "section": "page_match_not_found", "data": {"page_name": "Meetings and Events", "normalized_page_name": "meetingsandevents"}}
{"timestamp": "2026-01-04 17:25:42", "section": "page_match_found", "data": {"page_name": "Guest Rooms", "normalized_page_name": "guestrooms", "category_id": 150620, "category_name": "Guest Rooms"}}
{"timestamp": "2026-01-04 17:25:42", "section": "page_match_found", "data": {"page_name": "Amenities", "normalized_page_name": "amenities", "category_id": 150630, "category_name": "Amenities"}}
{"timestamp": "2026-01-04 17:25:42", "section": "page_match_found", "data": {"page_name": "Dining", "normalized_page_name": "dining", "category_id": 150621, "category_name": "Dining"}}
{"timestamp": "2026-01-04 17:25:42", "section": "page_match_not_found", "data": {"page_name": "Explore Ohio", "normalized_page_name": "exploreohio"}}
{"timestamp": "2026-01-04 17:25:42", "section": "matching_summary", "data": {"matched_pages": [{"page_name": "Home Page", "category_id": 151615, "category_name": "Home Page"}, {"page_name": "Our Property", "category_id": 150629, "category_name": "Our Property"}, {"page_name": "Weddings", "category_id": 150626, "category_name": "Weddings"}, {"page_name": "Guest Rooms", "category_id": 150620, "category_name": "Guest Rooms"}, {"page_name": "Amenities", "category_id": 150630, "category_name": "Amenities"}, {"page_name": "Dining", "category_id": 150621, "category_name": "Dining"}], "not_matched_pages": ["Meetings and Events", "Explore Ohio"], "total_matched": 6, "total_not_matched": 2, "total_pages_checked": 8}}
{"timestamp": "2026-01-04 17:30:43", "section": "module_processing_start", "data": {"file_prefix": "542abaf5-267b-4c08-acf9-41e47eb16d95", "target_url": "https://automation-nationwide-2.web4cms.milestoneinternet.info", "site_id": "16724", "total_pages_to_check": 8, "page_names": ["Home Page", "Our Property", "Weddings", "Meetings and Events", "Guest Rooms", "Amenities", "Dining", "Explore Ohio"]}}
{"timestamp": "2026-01-04 17:30:47", "section": "api_success", "data": {"total_modules_fetched": 8, "modules": [{"CategoryId": 150630, "CategoryName": "Amenities"}, {"CategoryId": 150621, "CategoryName": "Dining"}, {"CategoryId": 150620, "CategoryName": "Guest Rooms"}, {"CategoryId": 151615, "CategoryName": "Home Page"}, {"CategoryId": 150623, "CategoryName": "Meetings"}, {"CategoryId": 150629, "CategoryName": "Our Property"}, {"CategoryId": 151663, "CategoryName": "Test Sample Category"}, {"CategoryId": 150626, "CategoryName": "Weddings"}]}}
{"timestamp": "2026-01-04 17:30:47", "section": "page_match_found", "data": {"page_name": "Home Page", "normalized_page_name": "homepage", "category_id": 151615, "category_name": "Home Page"}}
{"timestamp": "2026-01-04 17:30:47", "section": "page_match_found", "data": {"page_name": "Our Property", "normalized_page_name": "ourproperty", "category_id": 150629, "category_name": "Our Property"}}
{"timestamp": "2026-01-04 17:30:47", "section": "page_match_found", "data": {"page_name": "Weddings", "normalized_page_name": "weddings", "category_id": 150626, "category_name": "Weddings"}}
{"timestamp": "2026-01-04 17:30:47", "section": "partial_match_found", "data": {"page_name": "Meetings and Events", "normalized_page_name": "meetingsandevents", "matched_category_name": "Meetings", "matched_category_id": 150623}}
{"timestamp": "2026-01-04 17:30:47", "section": "page_match_found", "data": {"page_name": "Meetings and Events", "normalized_page_name": "meetingsandevents", "category_id": 150623, "category_name": "Meetings"}}
{"timestamp": "2026-01-04 17:30:47", "section": "page_match_found", "data": {"page_name": "Guest Rooms", "normalized_page_name": "guestrooms", "category_id": 150620, "category_name": "Guest Rooms"}}
{"timestamp": "2026-01-04 17:30:47", "section": "page_match_found", "data": {"page_name": "Amenities", "normalized_page_name": "amenities", "category_id": 150630, "category_name": "Amenities"}}
{"timestamp": "2026-01-04 17:30:47", "section": "page_match_found", "data": {"page_name": "Dining", "normalized_page_name": "dining", "category_id": 150621, "category_name": "Dining"}}
{"timestamp": "2026-01-04 17:30:47", "section": "page_match_not_found", "data": {"page_name": "Explore Ohio", "normalized_page_name": "exploreohio"}}
{"timestamp": "2026-01-04 17:30:47", "section": "category_creation_attempt", "data": {"page_name": "Explore Ohio", "site_id": "16724"}}
{"timestamp": "2026-01-04 17:30:47", "section": "category_creation_payload", "data": {"page_name": "Explore Ohio", "payload": {"ModuleCategory": {"CategoryId": 0, "ParentCategory": 0, "CategoryName": "Explore Ohio", "CategoryAlias": "explore-ohio", "ResourceTypeID": 1, "ResourceTypeIdForMultipleImages": 0, "categorystatus": 1, "MilestoneModuleCategoryID": 0, "ModuleIdentifier": "MODULE_EXPLORE_OHIO", "ShowSnippets": 0, "TopNavigationFormatId": 0, "ModuleOrder": 1, "SchemaBusinessTypeDetailID": 0, "IsEnableRedirection": false, "RedirectionURL": "", "SiteId": 16724}}}}
{"timestamp": "2026-01-04 17:30:48", "section": "category_creation_response", "data": {"page_name": "Explore Ohio", "response": {"success": false, "message": "Record already exists"}}}
{"timestamp": "2026-01-04 17:30:48", "section": "category_creation_warning", "data": {"page_name": "Explore Ohio", "response": {"success": false, "message": "Record already exists"}, "reason": "CategoryId not found"}}
{"timestamp": "2026-01-04 17:30:48", "section": "matching_summary", "data": {"matched_pages": [{"page_name": "Home Page", "category_id": 151615, "category_name": "Home Page"}, {"page_name": "Our Property", "category_id": 150629, "category_name": "Our Property"}, {"page_name": "Weddings", "category_id": 150626, "category_name": "Weddings"}, {"page_name": "Meetings and Events", "category_id": 150623, "category_name": "Meetings"}, {"page_name": "Guest Rooms", "category_id": 150620, "category_name": "Guest Rooms"}, {"page_name": "Amenities", "category_id": 150630, "category_name": "Amenities"}, {"page_name": "Dining", "category_id": 150621, "category_name": "Dining"}], "not_matched_pages": ["Explore Ohio"], "total_matched": 7, "total_not_matched": 1, "total_pages_checked": 8}}
{"timestamp": "2026-01-04 17:37:23", "section": "module_processing_start", "data": {"file_prefix": "9b2fdd0d-eea0-4399-b64c-46c341185f45", "target_url": "https://automation-nationwide-2.web4cms.milestoneinternet.info", "site_id": "16724", "total_pages_to_check": 8, "page_names": ["Home Page", "Our Property", "Weddings", "Meetings and Events", "Guest Rooms", "Amenities", "Dining", "Exp"]}}
{"timestamp": "2026-01-04 17:37:27", "section": "api_success", "data": {"total_modules_fetched": 9, "modules": [{"CategoryId": 150630, "CategoryName": "Amenities"}, {"CategoryId": 150621, "CategoryName": "Dining"}, {"CategoryId": 151664, "CategoryName": "Explore Ohio"}, {"CategoryId": 150620, "CategoryName": "Guest Rooms"}, {"CategoryId": 151615, "CategoryName": "Home Page"}, {"CategoryId": 150623, "CategoryName": "Meetings"}, {"CategoryId": 150629, "CategoryName": "Our Property"}, {"CategoryId": 151663, "CategoryName": "Test Sample Category"}, {"CategoryId": 150626, "CategoryName": "Weddings"}]}}
{"timestamp": "2026-01-04 17:37:27", "section": "page_match_found", "data": {"page_name": "Home Page", "normalized_page_name": "homepage", "category_id": 151615, "category_name": "Home Page"}}
{"timestamp": "2026-01-04 17:37:27", "section": "page_match_found", "data": {"page_name": "Our Property", "normalized_page_name": "ourproperty", "category_id": 150629, "category_name": "Our Property"}}
{"timestamp": "2026-01-04 17:37:27", "section": "page_match_found", "data": {"page_name": "Weddings", "normalized_page_name": "weddings", "category_id": 150626, "category_name": "Weddings"}}
{"timestamp": "2026-01-04 17:37:27", "section": "partial_match_found", "data": {"page_name": "Meetings and Events", "normalized_page_name": "meetingsandevents", "matched_category_name": "Meetings", "matched_category_id": 150623}}
{"timestamp": "2026-01-04 17:37:27", "section": "page_match_found", "data": {"page_name": "Meetings and Events", "normalized_page_name": "meetingsandevents", "category_id": 150623, "category_name": "Meetings"}}
{"timestamp": "2026-01-04 17:37:27", "section": "page_match_found", "data": {"page_name": "Guest Rooms", "normalized_page_name": "guestrooms", "category_id": 150620, "category_name": "Guest Rooms"}}
{"timestamp": "2026-01-04 17:37:27", "section": "page_match_found", "data": {"page_name": "Amenities", "normalized_page_name": "amenities", "category_id": 150630, "category_name": "Amenities"}}
{"timestamp": "2026-01-04 17:37:27", "section": "page_match_found", "data": {"page_name": "Dining", "normalized_page_name": "dining", "category_id": 150621, "category_name": "Dining"}}
{"timestamp": "2026-01-04 17:37:27", "section": "page_match_not_found", "data": {"page_name": "Exp", "normalized_page_name": "exp"}}
{"timestamp": "2026-01-04 17:37:27", "section": "category_creation_attempt", "data": {"page_name": "Exp", "site_id": "16724"}}
{"timestamp": "2026-01-04 17:37:27", "section": "category_creation_payload", "data": {"page_name": "Exp", "payload": {"ModuleCategory": {"CategoryId": 0, "ParentCategory": 0, "CategoryName": "Exp", "CategoryAlias": "exp", "ResourceTypeID": 1, "ResourceTypeIdForMultipleImages": 0, "categorystatus": 1, "MilestoneModuleCategoryID": 0, "ModuleIdentifier": "MODULE_EXP", "ShowSnippets": 0, "TopNavigationFormatId": 0, "ModuleOrder": 1, "SchemaBusinessTypeDetailID": 0, "IsEnableRedirection": false, "RedirectionURL": "", "SiteId": 16724}}}}
{"timestamp": "2026-01-04 17:37:28", "section": "category_creation_response", "data": {"page_name": "Exp", "response": {"success": true, "categoryId": 151665}}}
{"timestamp": "2026-01-04 17:37:28", "section": "category_creation_warning", "data": {"page_name": "Exp", "response": {"success": true, "categoryId": 151665}, "reason": "CategoryId not found"}}
{"timestamp": "2026-01-04 17:37:28", "section": "matching_summary", "data": {"matched_pages": [{"page_name": "Home Page", "category_id": 151615, "category_name": "Home Page"}, {"page_name": "Our Property", "category_id": 150629, "category_name": "Our Property"}, {"page_name": "Weddings", "category_id": 150626, "category_name": "Weddings"}, {"page_name": "Meetings and Events", "category_id": 150623, "category_name": "Meetings"}, {"page_name": "Guest Rooms", "category_id": 150620, "category_name": "Guest Rooms"}, {"page_name": "Amenities", "category_id": 150630, "category_name": "Amenities"}, {"page_name": "Dining", "category_id": 150621, "category_name": "Dining"}], "not_matched_pages": ["Exp"], "total_matched": 7, "total_not_matched": 1, "total_pages_checked": 8}}
